<?xml version="1.0" encoding="UTF-8"?>
<!-- Generated by org.testng.reporters.JUnitReportReporter -->
<testsuite hostname="Apeksha" failures="0" tests="1" name="apitest.DeleteRequest" time="2.442" errors="0" timestamp="10 Mar 2022 06:56:29 GMT" skipped="0">
  <testcase classname="apitest.DeleteRequest" name="f" time="2.442"/>
</testsuite> <!-- apitest.DeleteRequest -->
