<?xml version="1.0" encoding="UTF-8"?>
<!-- Generated by org.testng.reporters.JUnitReportReporter -->
<testsuite hostname="Apeksha" failures="0" tests="2" name="apitest.RestAssuredTest" time="3.460" errors="0" timestamp="10 Mar 2022 05:03:07 GMT" skipped="0">
  <testcase classname="apitest.RestAssuredTest" name="TC2" time="0.938"/>
  <testcase classname="apitest.RestAssuredTest" name="TC1" time="2.522"/>
</testsuite> <!-- apitest.RestAssuredTest -->
