<?xml version="1.0" encoding="UTF-8"?>
<!-- Generated by org.testng.reporters.JUnitReportReporter -->
<testsuite hostname="Apeksha" failures="0" tests="1" name="apitest.AthenRequest" time="3.092" errors="0" timestamp="10 Mar 2022 07:09:54 GMT" skipped="0">
  <testcase classname="apitest.AthenRequest" name="f" time="3.092"/>
</testsuite> <!-- apitest.AthenRequest -->
