<?xml version="1.0" encoding="UTF-8"?>
<!-- Generated by org.testng.reporters.JUnitReportReporter -->
<testsuite hostname="Apeksha" failures="0" tests="1" name="apitest.PassingParam" time="2.919" errors="0" timestamp="10 Mar 2022 06:36:28 GMT" skipped="0">
  <testcase classname="apitest.PassingParam" name="f" time="2.919"/>
</testsuite> <!-- apitest.PassingParam -->
