<?xml version="1.0" encoding="UTF-8"?>
<!-- Generated by org.testng.reporters.JUnitReportReporter -->
<testsuite hostname="Apeksha" failures="0" tests="1" name="apitest.PostRequest" time="2.511" errors="0" timestamp="10 Mar 2022 06:46:19 GMT" skipped="0">
  <testcase classname="apitest.PostRequest" name="f" time="2.511"/>
</testsuite> <!-- apitest.PostRequest -->
